<?xml version="1.0" encoding="UTF-8"?>
<testng-results skipped="0" failed="0" ignored="0" total="1" passed="1">
  <reporter-output>
  </reporter-output>
  <suite name="Surefire suite" duration-ms="12748" started-at="2022-06-07T00:07:30 EDT" finished-at="2022-06-07T00:07:43 EDT">
    <groups>
      <group name="cucumber">
        <method signature="AbstractTestNGCucumberTests.runScenario(io.cucumber.testng.PickleWrapper, io.cucumber.testng.FeatureWrapper)[pri:0, instance:TestRunner@1877ab81]" name="runScenario" class="io.cucumber.testng.AbstractTestNGCucumberTests"/>
      </group> <!-- cucumber -->
    </groups>
    <test name="Surefire test" duration-ms="12748" started-at="2022-06-07T00:07:30 EDT" finished-at="2022-06-07T00:07:43 EDT">
      <class name="TestRunner">
        <test-method status="PASS" signature="setUpClass()[pri:0, instance:TestRunner@1877ab81]" name="setUpClass" is-config="true" duration-ms="591" started-at="2022-06-07T00:07:30 EDT" finished-at="2022-06-07T00:07:30 EDT">
          <reporter-output>
          </reporter-output>
        </test-method> <!-- setUpClass -->
        <test-method status="PASS" signature="runScenario(io.cucumber.testng.PickleWrapper, io.cucumber.testng.FeatureWrapper)[pri:0, instance:TestRunner@1877ab81]" name="runScenario" duration-ms="11934" started-at="2022-06-07T00:07:31 EDT" description="Runs Cucumber Scenarios" data-provider="scenarios" finished-at="2022-06-07T00:07:42 EDT">
          <params>
            <param index="0">
              <value>
                <![CDATA["Verify that a particular job and it's readme link exists in the website"]]>
              </value>
            </param>
            <param index="1">
              <value>
                <![CDATA["Optional[Job Finder Test]"]]>
              </value>
            </param>
          </params>
          <reporter-output>
          </reporter-output>
        </test-method> <!-- runScenario -->
        <test-method status="PASS" signature="tearDownClass()[pri:0, instance:TestRunner@1877ab81]" name="tearDownClass" is-config="true" duration-ms="166" started-at="2022-06-07T00:07:42 EDT" finished-at="2022-06-07T00:07:43 EDT">
          <reporter-output>
          </reporter-output>
        </test-method> <!-- tearDownClass -->
      </class> <!-- TestRunner -->
    </test> <!-- Surefire test -->
  </suite> <!-- Surefire suite -->
</testng-results>
